***************STATISTICS******************
Safe : 1274943
Contamined : 0
Recovered : 716146
Dead : 8911

real	50m35,700s
user	50m30,849s
sys	0m4,696s
***************STATISTICS******************
Safe : 1275540
Contamined : 0
Recovered : 715698
Dead : 8762

real	50m36,018s
user	50m30,947s
sys	0m4,916s
***************STATISTICS******************
Safe : 1275471
Contamined : 0
Recovered : 715895
Dead : 8634

real	51m26,947s
user	51m20,997s
sys	0m5,756s
***************STATISTICS******************
Safe : 1277070
Contamined : 0
Recovered : 714033
Dead : 8897

real	51m34,155s
user	51m27,972s
sys	0m5,996s
***************STATISTICS******************
Safe : 1273418
Contamined : 0
Recovered : 717685
Dead : 8897

real	51m44,784s
user	51m34,658s
sys	0m9,931s
***************STATISTICS******************
Safe : 1277486
Contamined : 0
Recovered : 713551
Dead : 8963

real	51m50,854s
user	51m45,492s
sys	0m5,204s
***************STATISTICS******************
Safe : 1272837
Contamined : 0
Recovered : 718449
Dead : 8714

real	51m53,576s
user	51m44,613s
sys	0m8,763s
***************STATISTICS******************
Safe : 1275152
Contamined : 0
Recovered : 716121
Dead : 8727

real	52m11,042s
user	52m5,930s
sys	0m4,956s
***************STATISTICS******************
Safe : 1273529
Contamined : 0
Recovered : 717792
Dead : 8679

real	52m25,012s
user	52m11,362s
sys	0m13,440s
***************STATISTICS******************
Safe : 1284366
Contamined : 0
Recovered : 707054
Dead : 8580

real	53m32,587s
user	53m27,129s
sys	0m5,296s
